# JRE version: OpenJDK Runtime Environment Temurin-17.0.13+11 (17.0.13+11) (build 17.0.13+11)
# Java VM: OpenJDK 64-Bit Server VM Temurin-17.0.13+11 (17.0.13+11, mixed mode, tiered, compressed oops, compressed class ptrs, parallel gc, windows-amd64)
GC Precious Log:
 CPUs: 4 total, 4 available
 Memory: 3996M
 Large Page Support: Disabled
 NUMA Support: Disabled
 Compressed Oops: Enabled (32-bit)
 Alignments: Space 512K, Generation 512K, Heap 2M
 Heap Min Capacity: 100M
 Heap Initial Capacity: 100M
 Heap Max Capacity: 1G
 Pre-touch: Disabled
 Parallel Workers: 4
Heap:
 PSYoungGen      total 2560K, used 1206K [0x00000000eab00000, 0x00000000eb000000, 0x0000000100000000)
  eden space 2048K, 34% used [0x00000000eab00000,0x00000000eabafaf0,0x00000000ead00000)
  from space 512K, 98% used [0x00000000eaf00000,0x00000000eaf7dde0,0x00000000eaf80000)
  to   space 1536K, 0% used [0x00000000ead00000,0x00000000ead00000,0x00000000eae80000)
 ParOldGen       total 151040K, used 127123K [0x00000000c0000000, 0x00000000c9380000, 0x00000000eab00000)
  object space 151040K, 84% used [0x00000000c0000000,0x00000000c7c24f50,0x00000000c9380000)
 Metaspace       used 88762K, committed 89984K, reserved 1179648K
  class space    used 8974K, committed 9536K, reserved 1048576K
GC Heap History (20 events):
Event: 3233.628 GC heap before
{Heap before GC invocations=1520 (full 39):
 PSYoungGen      total 5120K, used 5104K [0x00000000eab00000, 0x00000000eb780000, 0x0000000100000000)
  eden space 512K, 100% used [0x00000000eab00000,0x00000000eab80000,0x00000000eab80000)
  from space 4608K, 99% used [0x00000000eb100000,0x00000000eb57c370,0x00000000eb580000)
  to   space 5632K, 0% used [0x00000000eab80000,0x00000000eab80000,0x00000000eb100000)
 ParOldGen       total 151040K, used 121492K [0x00000000c0000000, 0x00000000c9380000, 0x00000000eab00000)
  object space 151040K, 80% used [0x00000000c0000000,0x00000000c76a5390,0x00000000c9380000)
 Metaspace       used 88718K, committed 89984K, reserved 1179648K
  class space    used 8960K, committed 9536K, reserved 1048576K
}
Event: 3233.645 GC heap after
{Heap after GC invocations=1520 (full 39):
 PSYoungGen      total 6144K, used 4912K [0x00000000eab00000, 0x00000000eb600000, 0x0000000100000000)
  eden space 512K, 0% used [0x00000000eab00000,0x00000000eab00000,0x00000000eab80000)
  from space 5632K, 87% used [0x00000000eab80000,0x00000000eb04c300,0x00000000eb100000)
  to   space 5120K, 0% used [0x00000000eb100000,0x00000000eb100000,0x00000000eb600000)
 ParOldGen       total 151040K, used 121621K [0x00000000c0000000, 0x00000000c9380000, 0x00000000eab00000)
  object space 151040K, 80% used [0x00000000c0000000,0x00000000c76c5400,0x00000000c9380000)
 Metaspace       used 88718K, committed 89984K, reserved 1179648K
  class space    used 8960K, committed 9536K, reserved 1048576K
}
Event: 3233.649 GC heap before
{Heap before GC invocations=1521 (full 39):
 PSYoungGen      total 6144K, used 5424K [0x00000000eab00000, 0x00000000eb600000, 0x0000000100000000)
  eden space 512K, 99% used [0x00000000eab00000,0x00000000eab7fff0,0x00000000eab80000)
  from space 5632K, 87% used [0x00000000eab80000,0x00000000eb04c300,0x00000000eb100000)
  to   space 5120K, 0% used [0x00000000eb100000,0x00000000eb100000,0x00000000eb600000)
 ParOldGen       total 151040K, used 121621K [0x00000000c0000000, 0x00000000c9380000, 0x00000000eab00000)
  object space 151040K, 80% used [0x00000000c0000000,0x00000000c76c5400,0x00000000c9380000)
 Metaspace       used 88718K, committed 89984K, reserved 1179648K
  class space    used 8960K, committed 9536K, reserved 1048576K
}
Event: 3233.668 GC heap after
{Heap after GC invocations=1521 (full 39):
 PSYoungGen      total 6144K, used 4685K [0x00000000eab00000, 0x00000000eb600000, 0x0000000100000000)
  eden space 1024K, 0% used [0x00000000eab00000,0x00000000eab00000,0x00000000eac00000)
  from space 5120K, 91% used [0x00000000eb100000,0x00000000eb5936b8,0x00000000eb600000)
  to   space 5120K, 0% used [0x00000000eac00000,0x00000000eac00000,0x00000000eb100000)
 ParOldGen       total 151040K, used 122347K [0x00000000c0000000, 0x00000000c9380000, 0x00000000eab00000)
  object space 151040K, 81% used [0x00000000c0000000,0x00000000c777af08,0x00000000c9380000)
 Metaspace       used 88718K, committed 89984K, reserved 1179648K
  class space    used 8960K, committed 9536K, reserved 1048576K
}
Event: 3233.684 GC heap before
{Heap before GC invocations=1522 (full 39):
 PSYoungGen      total 6144K, used 5709K [0x00000000eab00000, 0x00000000eb600000, 0x0000000100000000)
  eden space 1024K, 99% used [0x00000000eab00000,0x00000000eabfffd0,0x00000000eac00000)
  from space 5120K, 91% used [0x00000000eb100000,0x00000000eb5936b8,0x00000000eb600000)
  to   space 5120K, 0% used [0x00000000eac00000,0x00000000eac00000,0x00000000eb100000)
 ParOldGen       total 151040K, used 122347K [0x00000000c0000000, 0x00000000c9380000, 0x00000000eab00000)
  object space 151040K, 81% used [0x00000000c0000000,0x00000000c777af08,0x00000000c9380000)
 Metaspace       used 88718K, committed 89984K, reserved 1179648K
  class space    used 8960K, committed 9536K, reserved 1048576K
}
Event: 3233.705 GC heap after
{Heap after GC invocations=1522 (full 39):
 PSYoungGen      total 6144K, used 4749K [0x00000000eab00000, 0x00000000eb680000, 0x0000000100000000)
  eden space 1024K, 0% used [0x00000000eab00000,0x00000000eab00000,0x00000000eac00000)
  from space 5120K, 92% used [0x00000000eac00000,0x00000000eb0a3450,0x00000000eb100000)
  to   space 5120K, 0% used [0x00000000eb180000,0x00000000eb180000,0x00000000eb680000)
 ParOldGen       total 151040K, used 123310K [0x00000000c0000000, 0x00000000c9380000, 0x00000000eab00000)
  object space 151040K, 81% used [0x00000000c0000000,0x00000000c786bb40,0x00000000c9380000)
 Metaspace       used 88718K, committed 89984K, reserved 1179648K
  class space    used 8960K, committed 9536K, reserved 1048576K
}
Event: 3233.752 GC heap before
{Heap before GC invocations=1523 (full 39):
 PSYoungGen      total 6144K, used 5773K [0x00000000eab00000, 0x00000000eb680000, 0x0000000100000000)
  eden space 1024K, 100% used [0x00000000eab00000,0x00000000eac00000,0x00000000eac00000)
  from space 5120K, 92% used [0x00000000eac00000,0x00000000eb0a3450,0x00000000eb100000)
  to   space 5120K, 0% used [0x00000000eb180000,0x00000000eb180000,0x00000000eb680000)
 ParOldGen       total 151040K, used 123310K [0x00000000c0000000, 0x00000000c9380000, 0x00000000eab00000)
  object space 151040K, 81% used [0x00000000c0000000,0x00000000c786bb40,0x00000000c9380000)
 Metaspace       used 88718K, committed 89984K, reserved 1179648K
  class space    used 8960K, committed 9536K, reserved 1048576K
}
Event: 3233.772 GC heap after
{Heap after GC invocations=1523 (full 39):
 PSYoungGen      total 6144K, used 4221K [0x00000000eab00000, 0x00000000eb600000, 0x0000000100000000)
  eden space 1536K, 0% used [0x00000000eab00000,0x00000000eab00000,0x00000000eac80000)
  from space 4608K, 91% used [0x00000000eb180000,0x00000000eb59f450,0x00000000eb600000)
  to   space 4608K, 0% used [0x00000000ead00000,0x00000000ead00000,0x00000000eb180000)
 ParOldGen       total 151040K, used 124441K [0x00000000c0000000, 0x00000000c9380000, 0x00000000eab00000)
  object space 151040K, 82% used [0x00000000c0000000,0x00000000c79866d8,0x00000000c9380000)
 Metaspace       used 88718K, committed 89984K, reserved 1179648K
  class space    used 8960K, committed 9536K, reserved 1048576K
}
Event: 3233.803 GC heap before
{Heap before GC invocations=1524 (full 39):
 PSYoungGen      total 6144K, used 5757K [0x00000000eab00000, 0x00000000eb600000, 0x0000000100000000)
  eden space 1536K, 99% used [0x00000000eab00000,0x00000000eac7ffd0,0x00000000eac80000)
  from space 4608K, 91% used [0x00000000eb180000,0x00000000eb59f450,0x00000000eb600000)
  to   space 4608K, 0% used [0x00000000ead00000,0x00000000ead00000,0x00000000eb180000)
 ParOldGen       total 151040K, used 124441K [0x00000000c0000000, 0x00000000c9380000, 0x00000000eab00000)
  object space 151040K, 82% used [0x00000000c0000000,0x00000000c79866d8,0x00000000c9380000)
 Metaspace       used 88718K, committed 89984K, reserved 1179648K
  class space    used 8960K, committed 9536K, reserved 1048576K
}
Event: 3233.818 GC heap after
{Heap after GC invocations=1524 (full 39):
 PSYoungGen      total 5632K, used 3197K [0x00000000eab00000, 0x00000000eb500000, 0x0000000100000000)
  eden space 2048K, 0% used [0x00000000eab00000,0x00000000eab00000,0x00000000ead00000)
  from space 3584K, 89% used [0x00000000ead00000,0x00000000eb01f7b0,0x00000000eb080000)
  to   space 4096K, 0% used [0x00000000eb100000,0x00000000eb100000,0x00000000eb500000)
 ParOldGen       total 151040K, used 124481K [0x00000000c0000000, 0x00000000c9380000, 0x00000000eab00000)
  object space 151040K, 82% used [0x00000000c0000000,0x00000000c79906d8,0x00000000c9380000)
 Metaspace       used 88718K, committed 89984K, reserved 1179648K
  class space    used 8960K, committed 9536K, reserved 1048576K
}
Event: 3233.839 GC heap before
{Heap before GC invocations=1525 (full 39):
 PSYoungGen      total 5632K, used 5245K [0x00000000eab00000, 0x00000000eb500000, 0x0000000100000000)
  eden space 2048K, 100% used [0x00000000eab00000,0x00000000ead00000,0x00000000ead00000)
  from space 3584K, 89% used [0x00000000ead00000,0x00000000eb01f7b0,0x00000000eb080000)
  to   space 4096K, 0% used [0x00000000eb100000,0x00000000eb100000,0x00000000eb500000)
 ParOldGen       total 151040K, used 124481K [0x00000000c0000000, 0x00000000c9380000, 0x00000000eab00000)
  object space 151040K, 82% used [0x00000000c0000000,0x00000000c79906d8,0x00000000c9380000)
 Metaspace       used 88718K, committed 89984K, reserved 1179648K
  class space    used 8960K, committed 9536K, reserved 1048576K
}
Event: 3233.859 GC heap after
{Heap after GC invocations=1525 (full 39):
 PSYoungGen      total 4608K, used 4090K [0x00000000eab00000, 0x00000000eb880000, 0x0000000100000000)
  eden space 512K, 0% used [0x00000000eab00000,0x00000000eab00000,0x00000000eab80000)
  from space 4096K, 99% used [0x00000000eb100000,0x00000000eb4feb68,0x00000000eb500000)
  to   space 5632K, 0% used [0x00000000eab80000,0x00000000eab80000,0x00000000eb100000)
 ParOldGen       total 151040K, used 125655K [0x00000000c0000000, 0x00000000c9380000, 0x00000000eab00000)
  object space 151040K, 83% used [0x00000000c0000000,0x00000000c7ab5f48,0x00000000c9380000)
 Metaspace       used 88718K, committed 89984K, reserved 1179648K
  class space    used 8960K, committed 9536K, reserved 1048576K
}
Event: 3233.971 GC heap before
{Heap before GC invocations=1526 (full 39):
 PSYoungGen      total 4608K, used 4601K [0x00000000eab00000, 0x00000000eb880000, 0x0000000100000000)
  eden space 512K, 99% used [0x00000000eab00000,0x00000000eab7fbe0,0x00000000eab80000)
  from space 4096K, 99% used [0x00000000eb100000,0x00000000eb4feb68,0x00000000eb500000)
  to   space 5632K, 0% used [0x00000000eab80000,0x00000000eab80000,0x00000000eb100000)
 ParOldGen       total 151040K, used 125655K [0x00000000c0000000, 0x00000000c9380000, 0x00000000eab00000)
  object space 151040K, 83% used [0x00000000c0000000,0x00000000c7ab5f48,0x00000000c9380000)
 Metaspace       used 88718K, committed 89984K, reserved 1179648K
  class space    used 8960K, committed 9536K, reserved 1048576K
}
Event: 3233.983 GC heap after
{Heap after GC invocations=1526 (full 39):
 PSYoungGen      total 1024K, used 416K [0x00000000eab00000, 0x00000000eb180000, 0x0000000100000000)
  eden space 512K, 0% used [0x00000000eab00000,0x00000000eab00000,0x00000000eab80000)
  from space 512K, 81% used [0x00000000eab80000,0x00000000eabe8000,0x00000000eac00000)
  to   space 2560K, 0% used [0x00000000eaf00000,0x00000000eaf00000,0x00000000eb180000)
 ParOldGen       total 151040K, used 126131K [0x00000000c0000000, 0x00000000c9380000, 0x00000000eab00000)
  object space 151040K, 83% used [0x00000000c0000000,0x00000000c7b2cf50,0x00000000c9380000)
 Metaspace       used 88718K, committed 89984K, reserved 1179648K
  class space    used 8960K, committed 9536K, reserved 1048576K
}
Event: 3233.989 GC heap before
{Heap before GC invocations=1527 (full 39):
 PSYoungGen      total 1024K, used 927K [0x00000000eab00000, 0x00000000eb180000, 0x0000000100000000)
  eden space 512K, 99% used [0x00000000eab00000,0x00000000eab7ffe8,0x00000000eab80000)
  from space 512K, 81% used [0x00000000eab80000,0x00000000eabe8000,0x00000000eac00000)
  to   space 2560K, 0% used [0x00000000eaf00000,0x00000000eaf00000,0x00000000eb180000)
 ParOldGen       total 151040K, used 126131K [0x00000000c0000000, 0x00000000c9380000, 0x00000000eab00000)
  object space 151040K, 83% used [0x00000000c0000000,0x00000000c7b2cf50,0x00000000c9380000)
 Metaspace       used 88718K, committed 89984K, reserved 1179648K
  class space    used 8960K, committed 9536K, reserved 1048576K
}
Event: 3233.997 GC heap after
{Heap after GC invocations=1527 (full 39):
 PSYoungGen      total 1536K, used 416K [0x00000000eab00000, 0x00000000eaf80000, 0x0000000100000000)
  eden space 1024K, 0% used [0x00000000eab00000,0x00000000eab00000,0x00000000eac00000)
  from space 512K, 81% used [0x00000000eaf00000,0x00000000eaf68000,0x00000000eaf80000)
  to   space 1024K, 0% used [0x00000000ead80000,0x00000000ead80000,0x00000000eae80000)
 ParOldGen       total 151040K, used 126219K [0x00000000c0000000, 0x00000000c9380000, 0x00000000eab00000)
  object space 151040K, 83% used [0x00000000c0000000,0x00000000c7b42f50,0x00000000c9380000)
 Metaspace       used 88718K, committed 89984K, reserved 1179648K
  class space    used 8960K, committed 9536K, reserved 1048576K
}
Event: 3234.137 GC heap before
{Heap before GC invocations=1528 (full 39):
 PSYoungGen      total 1536K, used 1440K [0x00000000eab00000, 0x00000000eaf80000, 0x0000000100000000)
  eden space 1024K, 100% used [0x00000000eab00000,0x00000000eac00000,0x00000000eac00000)
  from space 512K, 81% used [0x00000000eaf00000,0x00000000eaf68000,0x00000000eaf80000)
  to   space 1024K, 0% used [0x00000000ead80000,0x00000000ead80000,0x00000000eae80000)
 ParOldGen       total 151040K, used 126219K [0x00000000c0000000, 0x00000000c9380000, 0x00000000eab00000)
  object space 151040K, 83% used [0x00000000c0000000,0x00000000c7b42f50,0x00000000c9380000)
 Metaspace       used 88718K, committed 89984K, reserved 1179648K
  class space    used 8960K, committed 9536K, reserved 1048576K
}
Event: 3234.141 GC heap after
{Heap after GC invocations=1528 (full 39):
 PSYoungGen      total 2560K, used 480K [0x00000000eab00000, 0x00000000eaf80000, 0x0000000100000000)
  eden space 1536K, 0% used [0x00000000eab00000,0x00000000eab00000,0x00000000eac80000)
  from space 1024K, 46% used [0x00000000ead80000,0x00000000eadf8000,0x00000000eae80000)
  to   space 512K, 0% used [0x00000000eaf00000,0x00000000eaf00000,0x00000000eaf80000)
 ParOldGen       total 151040K, used 126387K [0x00000000c0000000, 0x00000000c9380000, 0x00000000eab00000)
  object space 151040K, 83% used [0x00000000c0000000,0x00000000c7b6cf50,0x00000000c9380000)
 Metaspace       used 88718K, committed 89984K, reserved 1179648K
  class space    used 8960K, committed 9536K, reserved 1048576K
}
Event: 3234.624 GC heap before
{Heap before GC invocations=1529 (full 39):
 PSYoungGen      total 2560K, used 2016K [0x00000000eab00000, 0x00000000eaf80000, 0x0000000100000000)
  eden space 1536K, 100% used [0x00000000eab00000,0x00000000eac80000,0x00000000eac80000)
  from space 1024K, 46% used [0x00000000ead80000,0x00000000eadf8000,0x00000000eae80000)
  to   space 512K, 0% used [0x00000000eaf00000,0x00000000eaf00000,0x00000000eaf80000)
 ParOldGen       total 151040K, used 126387K [0x00000000c0000000, 0x00000000c9380000, 0x00000000eab00000)
  object space 151040K, 83% used [0x00000000c0000000,0x00000000c7b6cf50,0x00000000c9380000)
 Metaspace       used 88724K, committed 89984K, reserved 1179648K
  class space    used 8962K, committed 9536K, reserved 1048576K
}
Event: 3234.637 GC heap after
{Heap after GC invocations=1529 (full 39):
 PSYoungGen      total 2560K, used 503K [0x00000000eab00000, 0x00000000eb000000, 0x0000000100000000)
  eden space 2048K, 0% used [0x00000000eab00000,0x00000000eab00000,0x00000000ead00000)
  from space 512K, 98% used [0x00000000eaf00000,0x00000000eaf7dde0,0x00000000eaf80000)
  to   space 1536K, 0% used [0x00000000ead00000,0x00000000ead00000,0x00000000eae80000)
 ParOldGen       total 151040K, used 127123K [0x00000000c0000000, 0x00000000c9380000, 0x00000000eab00000)
  object space 151040K, 84% used [0x00000000c0000000,0x00000000c7c24f50,0x00000000c9380000)
 Metaspace       used 88724K, committed 89984K, reserved 1179648K
  class space    used 8962K, committed 9536K, reserved 1048576K
}

